<?xml version="1.0" encoding="UTF-8"?>
<testng-results skipped="0" failed="0" ignored="0" total="1" passed="1">
  <reporter-output>
  </reporter-output>
  <suite name="MySuiteOne" duration-ms="18380" started-at="2018-07-31T03:16:03Z" finished-at="2018-07-31T03:16:21Z">
    <groups>
    </groups>
    <test name="Test" duration-ms="18380" started-at="2018-07-31T03:16:03Z" finished-at="2018-07-31T03:16:21Z">
      <class name="ExcelNew.MyFirstXl.TC001">
        <test-method status="PASS" signature="startProcess(java.lang.String)[pri:0, instance:ExcelNew.MyFirstXl.TC001@87f383f]" name="startProcess" is-config="true" duration-ms="8766" started-at="2018-07-31T03:16:03Z" finished-at="2018-07-31T03:16:11Z">
          <params>
            <param index="0">
              <value>
                <![CDATA[chrome]]>
              </value>
            </param>
          </params>
          <reporter-output>
          </reporter-output>
        </test-method> <!-- startProcess -->
        <test-method status="PASS" signature="customerRegistration()[pri:0, instance:ExcelNew.MyFirstXl.TC001@87f383f]" name="customerRegistration" duration-ms="9581" started-at="2018-07-31T03:16:11Z" finished-at="2018-07-31T03:16:21Z">
          <reporter-output>
          </reporter-output>
        </test-method> <!-- customerRegistration -->
        <test-method status="PASS" signature="endProcess()[pri:0, instance:ExcelNew.MyFirstXl.TC001@87f383f]" name="endProcess" is-config="true" duration-ms="0" started-at="2018-07-31T03:16:21Z" finished-at="2018-07-31T03:16:21Z">
          <reporter-output>
          </reporter-output>
        </test-method> <!-- endProcess -->
      </class> <!-- ExcelNew.MyFirstXl.TC001 -->
    </test> <!-- Test -->
  </suite> <!-- MySuiteOne -->
</testng-results>
